build/app/intermediates/manifest_merge_blame_file/release/manifest-merger-blame-release-report.txt
1<?xml version="1.0" encoding="utf-8"?>
2<manifest xmlns:android="http://schemas.android.com/apk/res/android"
3    package="com.example.ecommerce"
4    android:versionCode="1"
5    android:versionName="1.0.0" >
6
7    <uses-sdk
8        android:minSdkVersion="16"
8-->src\main\AndroidManifest.xml
9        android:targetSdkVersion="28" />
9-->src\main\AndroidManifest.xml
10
11    <uses-permission android:name="android.permission.INTERNET" />
11-->[:google_sign_in] AndroidManifest.xml:7:5-67
11-->[:google_sign_in] AndroidManifest.xml:7:22-64
12    <uses-permission android:name="android.permission.ACCESS_NETWORK_STATE" />
12-->[com.firebaseui:firebase-ui-auth:6.2.0] AndroidManifest.xml:12:5-79
12-->[com.firebaseui:firebase-ui-auth:6.2.0] AndroidManifest.xml:12:22-76
13    <uses-permission android:name="android.permission.WAKE_LOCK" />
13-->[com.google.android.gms:play-services-measurement-api:17.6.0] AndroidManifest.xml:24:5-68
13-->[com.google.android.gms:play-services-measurement-api:17.6.0] AndroidManifest.xml:24:22-65
14    <uses-permission android:name="com.google.android.finsky.permission.BIND_GET_INSTALL_REFERRER_SERVICE" />
14-->[com.google.android.gms:play-services-measurement:17.6.0] AndroidManifest.xml:26:5-110
14-->[com.google.android.gms:play-services-measurement:17.6.0] AndroidManifest.xml:26:22-107
15    <!--
16 io.flutter.app.FlutterApplication is an android.app.Application that
17         calls FlutterMain.startInitialization(this); in its onCreate method.
18         In most cases you can leave this as-is, but you if you want to provide
19         additional functionality it is fine to subclass or reimplement
20         FlutterApplication and put your custom class here.
21    -->
22    <application
22-->src\main\AndroidManifest.xml:8:5-46:19
23        android:name="io.flutter.app.FlutterApplication"
23-->src\main\AndroidManifest.xml:9:9-57
24        android:appComponentFactory="androidx.core.app.CoreComponentFactory"
24-->[androidx.core:core:1.1.0] AndroidManifest.xml:24:18-86
25        android:icon="@mipmap/ic_launcher"
25-->src\main\AndroidManifest.xml:11:9-43
26        android:label="ecommerce" >
26-->src\main\AndroidManifest.xml:10:9-34
27        <activity
27-->src\main\AndroidManifest.xml:12:9-40:20
28            android:name="com.example.ecommerce.MainActivity"
28-->src\main\AndroidManifest.xml:13:13-41
29            android:configChanges="orientation|keyboardHidden|keyboard|screenSize|smallestScreenSize|locale|layoutDirection|fontScale|screenLayout|density|uiMode"
29-->src\main\AndroidManifest.xml:16:13-163
30            android:hardwareAccelerated="true"
30-->src\main\AndroidManifest.xml:17:13-47
31            android:launchMode="singleTop"
31-->src\main\AndroidManifest.xml:14:13-43
32            android:theme="@style/LaunchTheme"
32-->src\main\AndroidManifest.xml:15:13-47
33            android:windowSoftInputMode="adjustResize" >
33-->src\main\AndroidManifest.xml:18:13-55
34
35            <!--
36                 Specifies an Android theme to apply to this Activity as soon as
37                 the Android process has started. This theme is visible to the user
38                 while the Flutter UI initializes. After that, this theme continues
39                 to determine the Window background behind the Flutter UI.
40            -->
41            <meta-data
41-->src\main\AndroidManifest.xml:23:13-26:17
42                android:name="io.flutter.embedding.android.NormalTheme"
42-->src\main\AndroidManifest.xml:24:15-70
43                android:resource="@style/NormalTheme" />
43-->src\main\AndroidManifest.xml:25:15-52
44            <!--
45                 Displays an Android View that continues showing the launch screen
46                 Drawable until Flutter paints its first frame, then this splash
47                 screen fades out. A splash screen is useful to avoid any visual
48                 gap between the end of Android's launch screen and the painting of
49                 Flutter's first frame.
50            -->
51            <meta-data
51-->src\main\AndroidManifest.xml:32:13-35:17
52                android:name="io.flutter.embedding.android.SplashScreenDrawable"
52-->src\main\AndroidManifest.xml:33:15-79
53                android:resource="@drawable/launch_background" />
53-->src\main\AndroidManifest.xml:34:15-61
54
55            <intent-filter>
55-->src\main\AndroidManifest.xml:36:13-39:29
56                <action android:name="android.intent.action.MAIN" />
56-->src\main\AndroidManifest.xml:37:17-68
56-->src\main\AndroidManifest.xml:37:25-66
57
58                <category android:name="android.intent.category.LAUNCHER" />
58-->src\main\AndroidManifest.xml:38:17-76
58-->src\main\AndroidManifest.xml:38:27-74
59            </intent-filter>
60        </activity>
61        <!--
62             Don't delete the meta-data below.
63             This is used by the Flutter tool to generate GeneratedPluginRegistrant.java
64        -->
65        <meta-data
65-->src\main\AndroidManifest.xml:43:9-45:33
66            android:name="flutterEmbedding"
66-->src\main\AndroidManifest.xml:44:13-44
67            android:value="2" />
67-->src\main\AndroidManifest.xml:45:13-30
68
69        <service
69-->[:firebase_auth] AndroidManifest.xml:8:9-12:19
70            android:name="com.google.firebase.components.ComponentDiscoveryService"
70-->[:firebase_auth] AndroidManifest.xml:8:18-89
71            android:directBootAware="true"
71-->[com.google.firebase:firebase-common:19.3.1] AndroidManifest.xml:35:13-43
72            android:exported="false" >
72-->[com.google.firebase:firebase-auth:19.4.0] AndroidManifest.xml:35:13-37
73            <meta-data
73-->[:firebase_auth] AndroidManifest.xml:9:13-11:85
74                android:name="com.google.firebase.components:io.flutter.plugins.firebase.auth.FlutterFirebaseAuthRegistrar"
74-->[:firebase_auth] AndroidManifest.xml:10:17-124
75                android:value="com.google.firebase.components.ComponentRegistrar" />
75-->[:firebase_auth] AndroidManifest.xml:11:17-82
76            <meta-data
76-->[:firebase_database] AndroidManifest.xml:9:13-11:85
77                android:name="com.google.firebase.components:io.flutter.plugins.firebase.database.FlutterFirebaseAppRegistrar"
77-->[:firebase_database] AndroidManifest.xml:10:17-127
78                android:value="com.google.firebase.components.ComponentRegistrar" />
78-->[:firebase_database] AndroidManifest.xml:11:17-82
79            <meta-data
79-->[:cloud_firestore] AndroidManifest.xml:9:13-11:85
80                android:name="com.google.firebase.components:io.flutter.plugins.firebase.firestore.FlutterFirebaseFirestoreRegistrar"
80-->[:cloud_firestore] AndroidManifest.xml:10:17-134
81                android:value="com.google.firebase.components.ComponentRegistrar" />
81-->[:cloud_firestore] AndroidManifest.xml:11:17-82
82            <meta-data
82-->[:firebase_core] AndroidManifest.xml:9:13-11:85
83                android:name="com.google.firebase.components:io.flutter.plugins.firebase.core.FlutterFirebaseCoreRegistrar"
83-->[:firebase_core] AndroidManifest.xml:10:17-124
84                android:value="com.google.firebase.components.ComponentRegistrar" />
84-->[:firebase_core] AndroidManifest.xml:11:17-82
85            <meta-data
85-->[com.google.firebase:firebase-auth:19.4.0] AndroidManifest.xml:36:13-38:85
86                android:name="com.google.firebase.components:com.google.firebase.auth.FirebaseAuthRegistrar"
86-->[com.google.firebase:firebase-auth:19.4.0] AndroidManifest.xml:37:17-109
87                android:value="com.google.firebase.components.ComponentRegistrar" />
87-->[com.google.firebase:firebase-auth:19.4.0] AndroidManifest.xml:38:17-82
88            <meta-data
88-->[com.google.firebase:firebase-firestore:21.7.1] AndroidManifest.xml:20:13-22:85
89                android:name="com.google.firebase.components:com.google.firebase.firestore.FirestoreRegistrar"
89-->[com.google.firebase:firebase-firestore:21.7.1] AndroidManifest.xml:21:17-111
90                android:value="com.google.firebase.components.ComponentRegistrar" />
90-->[com.google.firebase:firebase-firestore:21.7.1] AndroidManifest.xml:22:17-82
91            <meta-data
91-->[com.google.firebase:firebase-database:19.5.0] AndroidManifest.xml:32:13-34:85
92                android:name="com.google.firebase.components:com.google.firebase.database.DatabaseRegistrar"
92-->[com.google.firebase:firebase-database:19.5.0] AndroidManifest.xml:33:17-109
93                android:value="com.google.firebase.components.ComponentRegistrar" />
93-->[com.google.firebase:firebase-database:19.5.0] AndroidManifest.xml:34:17-82
94            <meta-data
94-->[com.google.android.gms:play-services-measurement-api:17.6.0] AndroidManifest.xml:30:13-32:85
95                android:name="com.google.firebase.components:com.google.firebase.analytics.connector.internal.AnalyticsConnectorRegistrar"
95-->[com.google.android.gms:play-services-measurement-api:17.6.0] AndroidManifest.xml:31:17-139
96                android:value="com.google.firebase.components.ComponentRegistrar" />
96-->[com.google.android.gms:play-services-measurement-api:17.6.0] AndroidManifest.xml:32:17-82
97            <meta-data
97-->[com.google.firebase:firebase-installations:16.3.2] AndroidManifest.xml:17:13-19:85
98                android:name="com.google.firebase.components:com.google.firebase.installations.FirebaseInstallationsRegistrar"
98-->[com.google.firebase:firebase-installations:16.3.2] AndroidManifest.xml:18:17-127
99                android:value="com.google.firebase.components.ComponentRegistrar" />
99-->[com.google.firebase:firebase-installations:16.3.2] AndroidManifest.xml:19:17-82
100        </service>
101
102        <meta-data
102-->[com.firebaseui:firebase-ui-auth:6.2.0] AndroidManifest.xml:16:9-18:69
103            android:name="com.google.android.gms.version"
103-->[com.firebaseui:firebase-ui-auth:6.2.0] AndroidManifest.xml:17:13-58
104            android:value="@integer/google_play_services_version" />
104-->[com.firebaseui:firebase-ui-auth:6.2.0] AndroidManifest.xml:18:13-66
105        <meta-data
105-->[com.firebaseui:firebase-ui-auth:6.2.0] AndroidManifest.xml:19:9-21:63
106            android:name="com.facebook.sdk.ApplicationId"
106-->[com.firebaseui:firebase-ui-auth:6.2.0] AndroidManifest.xml:20:13-58
107            android:value="@string/facebook_application_id" />
107-->[com.firebaseui:firebase-ui-auth:6.2.0] AndroidManifest.xml:21:13-60
108
109        <activity
109-->[com.firebaseui:firebase-ui-auth:6.2.0] AndroidManifest.xml:23:9-27:61
110            android:name="com.firebase.ui.auth.KickoffActivity"
110-->[com.firebaseui:firebase-ui-auth:6.2.0] AndroidManifest.xml:24:13-64
111            android:exported="false"
111-->[com.firebaseui:firebase-ui-auth:6.2.0] AndroidManifest.xml:25:13-37
112            android:label=""
112-->[com.firebaseui:firebase-ui-auth:6.2.0] AndroidManifest.xml:26:13-29
113            android:theme="@style/FirebaseUI.Transparent" />
113-->[com.firebaseui:firebase-ui-auth:6.2.0] AndroidManifest.xml:27:13-58
114        <activity
114-->[com.firebaseui:firebase-ui-auth:6.2.0] AndroidManifest.xml:28:9-32:61
115            android:name="com.firebase.ui.auth.ui.idp.SingleSignInActivity"
115-->[com.firebaseui:firebase-ui-auth:6.2.0] AndroidManifest.xml:29:13-76
116            android:exported="false"
116-->[com.firebaseui:firebase-ui-auth:6.2.0] AndroidManifest.xml:30:13-37
117            android:label=""
117-->[com.firebaseui:firebase-ui-auth:6.2.0] AndroidManifest.xml:31:13-29
118            android:theme="@style/FirebaseUI.Transparent" />
118-->[com.firebaseui:firebase-ui-auth:6.2.0] AndroidManifest.xml:32:13-58
119        <activity
119-->[com.firebaseui:firebase-ui-auth:6.2.0] AndroidManifest.xml:33:9-37:61
120            android:name="com.firebase.ui.auth.ui.credentials.CredentialSaveActivity"
120-->[com.firebaseui:firebase-ui-auth:6.2.0] AndroidManifest.xml:34:13-86
121            android:exported="false"
121-->[com.firebaseui:firebase-ui-auth:6.2.0] AndroidManifest.xml:35:13-37
122            android:label=""
122-->[com.firebaseui:firebase-ui-auth:6.2.0] AndroidManifest.xml:36:13-29
123            android:theme="@style/FirebaseUI.Transparent" />
123-->[com.firebaseui:firebase-ui-auth:6.2.0] AndroidManifest.xml:37:13-58
124        <activity
124-->[com.firebaseui:firebase-ui-auth:6.2.0] AndroidManifest.xml:38:9-42:58
125            android:name="com.firebase.ui.auth.ui.email.RecoverPasswordActivity"
125-->[com.firebaseui:firebase-ui-auth:6.2.0] AndroidManifest.xml:39:13-81
126            android:exported="false"
126-->[com.firebaseui:firebase-ui-auth:6.2.0] AndroidManifest.xml:40:13-37
127            android:label="@string/fui_title_recover_password_activity"
127-->[com.firebaseui:firebase-ui-auth:6.2.0] AndroidManifest.xml:41:13-72
128            android:windowSoftInputMode="adjustResize" />
128-->[com.firebaseui:firebase-ui-auth:6.2.0] AndroidManifest.xml:42:13-55
129        <activity
129-->[com.firebaseui:firebase-ui-auth:6.2.0] AndroidManifest.xml:43:9-47:58
130            android:name="com.firebase.ui.auth.ui.email.EmailActivity"
130-->[com.firebaseui:firebase-ui-auth:6.2.0] AndroidManifest.xml:44:13-71
131            android:exported="false"
131-->[com.firebaseui:firebase-ui-auth:6.2.0] AndroidManifest.xml:45:13-37
132            android:label="@string/fui_sign_in_default"
132-->[com.firebaseui:firebase-ui-auth:6.2.0] AndroidManifest.xml:46:13-56
133            android:windowSoftInputMode="adjustResize" />
133-->[com.firebaseui:firebase-ui-auth:6.2.0] AndroidManifest.xml:47:13-55
134        <activity
134-->[com.firebaseui:firebase-ui-auth:6.2.0] AndroidManifest.xml:48:9-52:77
135            android:name="com.firebase.ui.auth.ui.phone.PhoneActivity"
135-->[com.firebaseui:firebase-ui-auth:6.2.0] AndroidManifest.xml:49:13-71
136            android:exported="false"
136-->[com.firebaseui:firebase-ui-auth:6.2.0] AndroidManifest.xml:50:13-37
137            android:label="@string/fui_sign_in_with_phone_number"
137-->[com.firebaseui:firebase-ui-auth:6.2.0] AndroidManifest.xml:51:13-66
138            android:windowSoftInputMode="adjustResize|stateAlwaysVisible" />
138-->[com.firebaseui:firebase-ui-auth:6.2.0] AndroidManifest.xml:52:13-74
139        <activity
139-->[com.firebaseui:firebase-ui-auth:6.2.0] AndroidManifest.xml:53:9-57:58
140            android:name="com.firebase.ui.auth.ui.idp.WelcomeBackIdpPrompt"
140-->[com.firebaseui:firebase-ui-auth:6.2.0] AndroidManifest.xml:54:13-76
141            android:exported="false"
141-->[com.firebaseui:firebase-ui-auth:6.2.0] AndroidManifest.xml:55:13-37
142            android:label="@string/fui_title_welcome_back_idp_prompt"
142-->[com.firebaseui:firebase-ui-auth:6.2.0] AndroidManifest.xml:56:13-70
143            android:windowSoftInputMode="adjustResize" />
143-->[com.firebaseui:firebase-ui-auth:6.2.0] AndroidManifest.xml:57:13-55
144        <activity
144-->[com.firebaseui:firebase-ui-auth:6.2.0] AndroidManifest.xml:58:9-62:58
145            android:name="com.firebase.ui.auth.ui.email.WelcomeBackPasswordPrompt"
145-->[com.firebaseui:firebase-ui-auth:6.2.0] AndroidManifest.xml:59:13-83
146            android:exported="false"
146-->[com.firebaseui:firebase-ui-auth:6.2.0] AndroidManifest.xml:60:13-37
147            android:label="@string/fui_title_welcome_back_password_prompt"
147-->[com.firebaseui:firebase-ui-auth:6.2.0] AndroidManifest.xml:61:13-75
148            android:windowSoftInputMode="adjustResize" />
148-->[com.firebaseui:firebase-ui-auth:6.2.0] AndroidManifest.xml:62:13-55
149        <activity
149-->[com.firebaseui:firebase-ui-auth:6.2.0] AndroidManifest.xml:63:9-67:58
150            android:name="com.firebase.ui.auth.ui.email.WelcomeBackEmailLinkPrompt"
150-->[com.firebaseui:firebase-ui-auth:6.2.0] AndroidManifest.xml:64:13-84
151            android:exported="false"
151-->[com.firebaseui:firebase-ui-auth:6.2.0] AndroidManifest.xml:65:13-37
152            android:label="@string/fui_title_welcome_back_password_prompt"
152-->[com.firebaseui:firebase-ui-auth:6.2.0] AndroidManifest.xml:66:13-75
153            android:windowSoftInputMode="adjustResize" />
153-->[com.firebaseui:firebase-ui-auth:6.2.0] AndroidManifest.xml:67:13-55
154        <activity
154-->[com.firebaseui:firebase-ui-auth:6.2.0] AndroidManifest.xml:68:9-73:58
155            android:name="com.firebase.ui.auth.ui.email.EmailLinkCatcherActivity"
155-->[com.firebaseui:firebase-ui-auth:6.2.0] AndroidManifest.xml:69:13-82
156            android:exported="false"
156-->[com.firebaseui:firebase-ui-auth:6.2.0] AndroidManifest.xml:70:13-37
157            android:label=""
157-->[com.firebaseui:firebase-ui-auth:6.2.0] AndroidManifest.xml:71:13-29
158            android:theme="@style/FirebaseUI.Transparent"
158-->[com.firebaseui:firebase-ui-auth:6.2.0] AndroidManifest.xml:72:13-58
159            android:windowSoftInputMode="adjustResize" />
159-->[com.firebaseui:firebase-ui-auth:6.2.0] AndroidManifest.xml:73:13-55
160        <activity
160-->[com.firebaseui:firebase-ui-auth:6.2.0] AndroidManifest.xml:74:9-78:58
161            android:name="com.firebase.ui.auth.ui.email.EmailLinkErrorRecoveryActivity"
161-->[com.firebaseui:firebase-ui-auth:6.2.0] AndroidManifest.xml:75:13-88
162            android:exported="false"
162-->[com.firebaseui:firebase-ui-auth:6.2.0] AndroidManifest.xml:76:13-37
163            android:label="@string/fui_sign_in_default"
163-->[com.firebaseui:firebase-ui-auth:6.2.0] AndroidManifest.xml:77:13-56
164            android:windowSoftInputMode="adjustResize" />
164-->[com.firebaseui:firebase-ui-auth:6.2.0] AndroidManifest.xml:78:13-55
165        <activity
165-->[com.firebaseui:firebase-ui-auth:6.2.0] AndroidManifest.xml:79:9-82:65
166            android:name="com.firebase.ui.auth.ui.idp.AuthMethodPickerActivity"
166-->[com.firebaseui:firebase-ui-auth:6.2.0] AndroidManifest.xml:80:13-80
167            android:exported="false"
167-->[com.firebaseui:firebase-ui-auth:6.2.0] AndroidManifest.xml:81:13-37
168            android:label="@string/fui_default_toolbar_title" />
168-->[com.firebaseui:firebase-ui-auth:6.2.0] AndroidManifest.xml:82:13-62
169        <activity
169-->[com.firebaseui:firebase-ui-auth:6.2.0] AndroidManifest.xml:83:9-87:48
170            android:name="com.facebook.FacebookActivity"
170-->[com.firebaseui:firebase-ui-auth:6.2.0] AndroidManifest.xml:84:13-57
171            android:configChanges="keyboard|keyboardHidden|screenLayout|screenSize|orientation"
171-->[com.firebaseui:firebase-ui-auth:6.2.0] AndroidManifest.xml:85:13-96
172            android:label="@string/app_name" />
172-->[com.firebaseui:firebase-ui-auth:6.2.0] AndroidManifest.xml:86:13-45
173        <activity
173-->[com.firebaseui:firebase-ui-auth:6.2.0] AndroidManifest.xml:88:9-100:20
174            android:name="com.facebook.CustomTabActivity"
174-->[com.firebaseui:firebase-ui-auth:6.2.0] AndroidManifest.xml:89:13-58
175            android:exported="true" >
175-->[com.firebaseui:firebase-ui-auth:6.2.0] AndroidManifest.xml:90:13-36
176            <intent-filter>
176-->[com.firebaseui:firebase-ui-auth:6.2.0] AndroidManifest.xml:92:13-99:29
177                <action android:name="android.intent.action.VIEW" />
177-->[com.firebaseui:firebase-ui-auth:6.2.0] AndroidManifest.xml:93:17-69
177-->[com.firebaseui:firebase-ui-auth:6.2.0] AndroidManifest.xml:93:25-66
178
179                <category android:name="android.intent.category.DEFAULT" />
179-->[com.firebaseui:firebase-ui-auth:6.2.0] AndroidManifest.xml:95:17-76
179-->[com.firebaseui:firebase-ui-auth:6.2.0] AndroidManifest.xml:95:27-73
180                <category android:name="android.intent.category.BROWSABLE" />
180-->[com.firebaseui:firebase-ui-auth:6.2.0] AndroidManifest.xml:96:17-78
180-->[com.firebaseui:firebase-ui-auth:6.2.0] AndroidManifest.xml:96:27-75
181
182                <data android:scheme="@string/facebook_login_protocol_scheme" />
182-->[com.firebaseui:firebase-ui-auth:6.2.0] AndroidManifest.xml:98:17-81
182-->[com.firebaseui:firebase-ui-auth:6.2.0] AndroidManifest.xml:98:23-78
183            </intent-filter>
184        </activity>
185
186        <provider
186-->[com.firebaseui:firebase-ui-auth:6.2.0] AndroidManifest.xml:102:9-106:38
187            android:name="com.firebase.ui.auth.data.client.AuthUiInitProvider"
187-->[com.firebaseui:firebase-ui-auth:6.2.0] AndroidManifest.xml:103:13-79
188            android:authorities="com.example.ecommerce.authuiinitprovider"
188-->[com.firebaseui:firebase-ui-auth:6.2.0] AndroidManifest.xml:104:13-70
189            android:exported="false"
189-->[com.firebaseui:firebase-ui-auth:6.2.0] AndroidManifest.xml:105:13-37
190            android:initOrder="90" />
190-->[com.firebaseui:firebase-ui-auth:6.2.0] AndroidManifest.xml:106:13-35
191
192        <activity
192-->[com.google.firebase:firebase-auth:19.4.0] AndroidManifest.xml:24:9-31:50
193            android:name="com.google.firebase.auth.internal.FederatedSignInActivity"
193-->[com.google.firebase:firebase-auth:19.4.0] AndroidManifest.xml:25:13-85
194            android:excludeFromRecents="true"
194-->[com.google.firebase:firebase-auth:19.4.0] AndroidManifest.xml:26:13-46
195            android:exported="true"
195-->[com.google.firebase:firebase-auth:19.4.0] AndroidManifest.xml:27:13-36
196            android:launchMode="singleTask"
196-->[com.google.firebase:firebase-auth:19.4.0] AndroidManifest.xml:28:13-44
197            android:permission="com.google.firebase.auth.api.gms.permission.LAUNCH_FEDERATED_SIGN_IN"
197-->[com.google.firebase:firebase-auth:19.4.0] AndroidManifest.xml:29:13-102
198            android:theme="@android:style/Theme.Translucent.NoTitleBar" />
198-->[com.google.firebase:firebase-auth:19.4.0] AndroidManifest.xml:30:13-72
199        <activity
199-->[com.google.android.gms:play-services-auth:18.0.0] AndroidManifest.xml:23:9-27:75
200            android:name="com.google.android.gms.auth.api.signin.internal.SignInHubActivity"
200-->[com.google.android.gms:play-services-auth:18.0.0] AndroidManifest.xml:24:13-93
201            android:excludeFromRecents="true"
201-->[com.google.android.gms:play-services-auth:18.0.0] AndroidManifest.xml:25:13-46
202            android:exported="false"
202-->[com.google.android.gms:play-services-auth:18.0.0] AndroidManifest.xml:26:13-37
203            android:theme="@android:style/Theme.Translucent.NoTitleBar" />
203-->[com.google.android.gms:play-services-auth:18.0.0] AndroidManifest.xml:27:13-72
204        <!--
205            Service handling Google Sign-In user revocation. For apps that do not integrate with
206            Google Sign-In, this service will never be started.
207        -->
208        <service
208-->[com.google.android.gms:play-services-auth:18.0.0] AndroidManifest.xml:33:9-36:110
209            android:name="com.google.android.gms.auth.api.signin.RevocationBoundService"
209-->[com.google.android.gms:play-services-auth:18.0.0] AndroidManifest.xml:34:13-89
210            android:exported="true"
210-->[com.google.android.gms:play-services-auth:18.0.0] AndroidManifest.xml:35:13-36
211            android:permission="com.google.android.gms.auth.api.signin.permission.REVOCATION_NOTIFICATION" />
211-->[com.google.android.gms:play-services-auth:18.0.0] AndroidManifest.xml:36:13-107
212
213        <activity
213-->[com.google.android.gms:play-services-base:17.1.0] AndroidManifest.xml:23:9-26:75
214            android:name="com.google.android.gms.common.api.GoogleApiActivity"
214-->[com.google.android.gms:play-services-base:17.1.0] AndroidManifest.xml:24:13-79
215            android:exported="false"
215-->[com.google.android.gms:play-services-base:17.1.0] AndroidManifest.xml:25:13-37
216            android:theme="@android:style/Theme.Translucent.NoTitleBar" />
216-->[com.google.android.gms:play-services-base:17.1.0] AndroidManifest.xml:26:13-72
217
218        <provider
218-->[com.google.firebase:firebase-common:19.3.1] AndroidManifest.xml:26:9-31:39
219            android:name="com.google.firebase.provider.FirebaseInitProvider"
219-->[com.google.firebase:firebase-common:19.3.1] AndroidManifest.xml:27:13-77
220            android:authorities="com.example.ecommerce.firebaseinitprovider"
220-->[com.google.firebase:firebase-common:19.3.1] AndroidManifest.xml:28:13-72
221            android:directBootAware="true"
221-->[com.google.firebase:firebase-common:19.3.1] AndroidManifest.xml:29:13-43
222            android:exported="false"
222-->[com.google.firebase:firebase-common:19.3.1] AndroidManifest.xml:30:13-37
223            android:initOrder="100" />
223-->[com.google.firebase:firebase-common:19.3.1] AndroidManifest.xml:31:13-36
224
225        <receiver
225-->[com.google.android.gms:play-services-measurement:17.6.0] AndroidManifest.xml:29:9-33:20
226            android:name="com.google.android.gms.measurement.AppMeasurementReceiver"
226-->[com.google.android.gms:play-services-measurement:17.6.0] AndroidManifest.xml:30:13-85
227            android:enabled="true"
227-->[com.google.android.gms:play-services-measurement:17.6.0] AndroidManifest.xml:31:13-35
228            android:exported="false" >
228-->[com.google.android.gms:play-services-measurement:17.6.0] AndroidManifest.xml:32:13-37
229        </receiver>
230
231        <service
231-->[com.google.android.gms:play-services-measurement:17.6.0] AndroidManifest.xml:35:9-38:40
232            android:name="com.google.android.gms.measurement.AppMeasurementService"
232-->[com.google.android.gms:play-services-measurement:17.6.0] AndroidManifest.xml:36:13-84
233            android:enabled="true"
233-->[com.google.android.gms:play-services-measurement:17.6.0] AndroidManifest.xml:37:13-35
234            android:exported="false" />
234-->[com.google.android.gms:play-services-measurement:17.6.0] AndroidManifest.xml:38:13-37
235        <service
235-->[com.google.android.gms:play-services-measurement:17.6.0] AndroidManifest.xml:39:9-43:72
236            android:name="com.google.android.gms.measurement.AppMeasurementJobService"
236-->[com.google.android.gms:play-services-measurement:17.6.0] AndroidManifest.xml:40:13-87
237            android:enabled="true"
237-->[com.google.android.gms:play-services-measurement:17.6.0] AndroidManifest.xml:41:13-35
238            android:exported="false"
238-->[com.google.android.gms:play-services-measurement:17.6.0] AndroidManifest.xml:42:13-37
239            android:permission="android.permission.BIND_JOB_SERVICE" />
239-->[com.google.android.gms:play-services-measurement:17.6.0] AndroidManifest.xml:43:13-69
240
241        <provider
241-->[androidx.lifecycle:lifecycle-process:2.1.0] AndroidManifest.xml:23:9-27:43
242            android:name="androidx.lifecycle.ProcessLifecycleOwnerInitializer"
242-->[androidx.lifecycle:lifecycle-process:2.1.0] AndroidManifest.xml:24:13-79
243            android:authorities="com.example.ecommerce.lifecycle-process"
243-->[androidx.lifecycle:lifecycle-process:2.1.0] AndroidManifest.xml:25:13-69
244            android:exported="false"
244-->[androidx.lifecycle:lifecycle-process:2.1.0] AndroidManifest.xml:26:13-37
245            android:multiprocess="true" />
245-->[androidx.lifecycle:lifecycle-process:2.1.0] AndroidManifest.xml:27:13-40
246    </application>
247
248</manifest>